<?xml version="1.0" encoding="UTF-8"?>
<robot generator="Robot 7.2.2 (Python 3.13.2 on win32)" generated="2025-04-22T23:42:55.412643" rpa="false" schemaversion="5">
<suite id="s1" name="Login Testcase" source="C:\Personal\pythonProject\TestCases\Login_Testcase.robot">
<kw name="Run Keywords" owner="BuiltIn" type="SETUP">
<kw name="Open Browser" owner="SeleniumLibrary">
<msg time="2025-04-22T23:42:55.624087" level="INFO">Opening browser 'Chrome' to base url 'https://the-internet.herokuapp.com/login'.</msg>
<msg time="2025-04-22T23:42:56.205395" level="WARN">The chromedriver version (134.0.6998.165) detected in PATH at C:\Python27\chromedriver.exe might not be compatible with the detected chrome version (135.0.7049.96); currently, chromedriver 135.0.7049.95 is recommended for chrome 135.*, so it is advised to delete the driver in PATH and retry</msg>
<arg>${URL}</arg>
<arg>${BROWSER}</arg>
<doc>Opens a new browser instance to the optional ``url``.</doc>
<status status="PASS" start="2025-04-22T23:42:55.623848" elapsed="6.424122"/>
</kw>
<kw name="Maximize Browser Window" owner="SeleniumLibrary">
<doc>Maximizes current browser window.</doc>
<status status="PASS" start="2025-04-22T23:43:02.048801" elapsed="0.133992"/>
</kw>
<arg>Open Browser</arg>
<arg>${URL}</arg>
<arg>${BROWSER}</arg>
<arg>AND</arg>
<arg>Maximize Browser Window</arg>
<doc>Executes all the given keywords in a sequence.</doc>
<status status="PASS" start="2025-04-22T23:42:55.623598" elapsed="6.559405"/>
</kw>
<test id="s1-t1" name="Valid Login" line="25">
<kw name="Input Text" owner="SeleniumLibrary">
<msg time="2025-04-22T23:43:02.185950" level="INFO">Typing text 'tomsmith' into text field 'id:username'.</msg>
<arg>${element_user_name}</arg>
<arg>${USERNAME}</arg>
<doc>Types the given ``text`` into the text field identified by ``locator``.</doc>
<status status="PASS" start="2025-04-22T23:43:02.184640" elapsed="0.172154"/>
</kw>
<kw name="Input Text" owner="SeleniumLibrary">
<msg time="2025-04-22T23:43:02.357622" level="INFO">Typing text 'SuperSecretPassword!' into text field 'id:password'.</msg>
<arg>${element_password}</arg>
<arg>${PASSWORD}</arg>
<doc>Types the given ``text`` into the text field identified by ``locator``.</doc>
<status status="PASS" start="2025-04-22T23:43:02.357244" elapsed="0.151925"/>
</kw>
<kw name="Click Button" owner="SeleniumLibrary">
<msg time="2025-04-22T23:43:02.510024" level="INFO">Clicking button 'xpath://button[@type='submit']'.</msg>
<arg>xpath:${element_submit_button}</arg>
<doc>Clicks the button identified by ``locator``.</doc>
<status status="PASS" start="2025-04-22T23:43:02.509671" elapsed="0.852738"/>
</kw>
<kw name="Wait Until Element Is Visible" owner="SeleniumLibrary">
<arg>xpath:${element_flash}</arg>
<arg>10</arg>
<doc>Waits until the element ``locator`` is visible.</doc>
<status status="PASS" start="2025-04-22T23:43:03.362981" elapsed="0.046249"/>
</kw>
<kw name="Get Text" owner="SeleniumLibrary">
<msg time="2025-04-22T23:43:03.442279" level="INFO">${message} = You logged into a secure area!
×</msg>
<var>${message}</var>
<arg>xpath:${element_flash}</arg>
<doc>Returns the text value of the element identified by ``locator``.</doc>
<status status="PASS" start="2025-04-22T23:43:03.409662" elapsed="0.032682"/>
</kw>
<kw name="Should Contain" owner="BuiltIn">
<arg>${message}</arg>
<arg>You logged into a secure area!</arg>
<doc>Fails if ``container`` does not contain ``item`` one or more times.</doc>
<status status="PASS" start="2025-04-22T23:43:03.442781" elapsed="0.000237"/>
</kw>
<status status="PASS" start="2025-04-22T23:43:02.183311" elapsed="1.260077"/>
</test>
<test id="s1-t2" name="Invalid Login" line="33">
<kw name="Input Text" owner="SeleniumLibrary">
<msg time="2025-04-22T23:43:03.446006" level="INFO">Typing text 'wronguser' into text field 'id:username'.</msg>
<msg time="2025-04-22T23:43:03.606155" level="INFO" html="true">&lt;/td&gt;&lt;/tr&gt;&lt;tr&gt;&lt;td colspan="3"&gt;&lt;a href="selenium-screenshot-3.png"&gt;&lt;img src="selenium-screenshot-3.png" width="800px"&gt;&lt;/a&gt;</msg>
<msg time="2025-04-22T23:43:03.606441" level="FAIL">Element with locator 'id:username' not found.</msg>
<arg>${element_user_name}</arg>
<arg>wronguser</arg>
<doc>Types the given ``text`` into the text field identified by ``locator``.</doc>
<status status="FAIL" start="2025-04-22T23:43:03.445427" elapsed="0.166050">Element with locator 'id:username' not found.</status>
</kw>
<kw name="Input Text" owner="SeleniumLibrary">
<arg>${element_password}</arg>
<arg>wrongpassword</arg>
<doc>Types the given ``text`` into the text field identified by ``locator``.</doc>
<status status="NOT RUN" start="2025-04-22T23:43:03.612116" elapsed="0.000128"/>
</kw>
<kw name="Click Button" owner="SeleniumLibrary">
<arg>xpath:${element_submit_button}</arg>
<doc>Clicks the button identified by ``locator``.</doc>
<status status="NOT RUN" start="2025-04-22T23:43:03.612692" elapsed="0.000104"/>
</kw>
<kw name="Wait Until Element Is Visible" owner="SeleniumLibrary">
<arg>xpath:${element_flash}</arg>
<arg>10</arg>
<doc>Waits until the element ``locator`` is visible.</doc>
<status status="NOT RUN" start="2025-04-22T23:43:03.613164" elapsed="0.000051"/>
</kw>
<kw name="Get Text" owner="SeleniumLibrary">
<var>${message}</var>
<arg>xpath:${element_flash}</arg>
<doc>Returns the text value of the element identified by ``locator``.</doc>
<status status="NOT RUN" start="2025-04-22T23:43:03.613478" elapsed="0.000048"/>
</kw>
<kw name="Should Contain" owner="BuiltIn">
<arg>${message}</arg>
<arg>Your username is invalid!</arg>
<doc>Fails if ``container`` does not contain ``item`` one or more times.</doc>
<status status="NOT RUN" start="2025-04-22T23:43:03.613771" elapsed="0.000046"/>
</kw>
<status status="FAIL" start="2025-04-22T23:43:03.444424" elapsed="0.169733">Element with locator 'id:username' not found.</status>
</test>
<test id="s1-t3" name="Invalid Login, But wrong expectation in test case" line="41">
<kw name="Input Text" owner="SeleniumLibrary">
<msg time="2025-04-22T23:43:03.617280" level="INFO">Typing text 'wronguser' into text field 'id:username'.</msg>
<msg time="2025-04-22T23:43:03.834711" level="INFO" html="true">&lt;/td&gt;&lt;/tr&gt;&lt;tr&gt;&lt;td colspan="3"&gt;&lt;a href="selenium-screenshot-4.png"&gt;&lt;img src="selenium-screenshot-4.png" width="800px"&gt;&lt;/a&gt;</msg>
<msg time="2025-04-22T23:43:03.834907" level="FAIL">Element with locator 'id:username' not found.</msg>
<arg>${element_user_name}</arg>
<arg>wronguser</arg>
<doc>Types the given ``text`` into the text field identified by ``locator``.</doc>
<status status="FAIL" start="2025-04-22T23:43:03.616930" elapsed="0.219795">Element with locator 'id:username' not found.</status>
</kw>
<kw name="Input Text" owner="SeleniumLibrary">
<arg>${element_password}</arg>
<arg>wrongpassword</arg>
<doc>Types the given ``text`` into the text field identified by ``locator``.</doc>
<status status="NOT RUN" start="2025-04-22T23:43:03.837154" elapsed="0.000058"/>
</kw>
<kw name="Click Button" owner="SeleniumLibrary">
<arg>xpath:${element_submit_button}</arg>
<doc>Clicks the button identified by ``locator``.</doc>
<status status="NOT RUN" start="2025-04-22T23:43:03.837544" elapsed="0.000048"/>
</kw>
<kw name="Wait Until Element Is Visible" owner="SeleniumLibrary">
<arg>xpath:${element_flash}</arg>
<arg>10</arg>
<doc>Waits until the element ``locator`` is visible.</doc>
<status status="NOT RUN" start="2025-04-22T23:43:03.837904" elapsed="0.000047"/>
</kw>
<kw name="Get Text" owner="SeleniumLibrary">
<var>${message}</var>
<arg>xpath:${element_flash}</arg>
<doc>Returns the text value of the element identified by ``locator``.</doc>
<status status="NOT RUN" start="2025-04-22T23:43:03.838278" elapsed="0.000046"/>
</kw>
<kw name="Should Contain" owner="BuiltIn">
<arg>${message}</arg>
<arg>You logged into a secure area!</arg>
<doc>Fails if ``container`` does not contain ``item`` one or more times.</doc>
<status status="NOT RUN" start="2025-04-22T23:43:03.838646" elapsed="0.000049"/>
</kw>
<doc>The user is attempting to log in with valid credentials, but the application unexpectedly returns an incorrect message.
This demonstrates how a failure occurs when the application's actual behavior doesn't match the test script's expectation.
The robot framework will report this as a failure and capture the screenshot where the failure occurred.</doc>
<status status="FAIL" start="2025-04-22T23:43:03.615114" elapsed="0.224097">Element with locator 'id:username' not found.</status>
</test>
<kw name="Close Browser" owner="SeleniumLibrary" type="TEARDOWN">
<doc>Closes the current browser.</doc>
<status status="PASS" start="2025-04-22T23:43:03.840552" elapsed="2.292448"/>
</kw>
<status status="FAIL" start="2025-04-22T23:42:55.416056" elapsed="10.717033"/>
</suite>
<statistics>
<total>
<stat pass="1" fail="2" skip="0">All Tests</stat>
</total>
<tag>
</tag>
<suite>
<stat name="Login Testcase" id="s1" pass="1" fail="2" skip="0">Login Testcase</stat>
</suite>
</statistics>
<errors>
<msg time="2025-04-22T23:42:56.205395" level="WARN">The chromedriver version (134.0.6998.165) detected in PATH at C:\Python27\chromedriver.exe might not be compatible with the detected chrome version (135.0.7049.96); currently, chromedriver 135.0.7049.95 is recommended for chrome 135.*, so it is advised to delete the driver in PATH and retry</msg>
</errors>
</robot>
